=== FileWorkspace APPLICATION LOG - SESSION STARTED AT 2025-03-12 08:23:39 ===

[2025-03-12 08:23:39.180] [INFO] Operating System: Mac OS X 15.3 aarch64
[2025-03-12 08:23:39.180] [INFO] Java Version: 22.0.1
[2025-03-12 08:23:39.180] [INFO] User Directory: /Users/gabriel/Developer/Taschenrechner/Workspace_FX
[2025-03-12 08:23:39.180] [INFO] Log file created at: /Users/gabriel/Developer/Taschenrechner/Workspace_FX/logs/FileWorkspace_session_20250312_082339.log
[2025-03-12 08:23:39.180] [INFO] Logging system initialized
[2025-03-12 08:23:39.257] [INFO] Application initialized
[2025-03-12 08:24:27.937] [INFO] Source directory selected: /Users/gabriel/3BHWII:2024:25/Bewerbung.zip
[2025-03-12 08:24:27.939] [INFO] 7 files found
[2025-03-12 08:24:41.976] [INFO] Destination directory selected: /Users/gabriel/Desktop/everything/Important
[2025-03-12 08:24:47.039] [INFO] Starting copy operation for 1 files
[2025-03-12 08:24:47.044] [INFO] Copied file: Gabriel Winkler Portfolio copy.docx
[2025-03-12 08:24:47.044] [INFO] Successfully copied 1 files
[2025-03-12 08:26:23.487] [INFO] Applying filter: .pdf
[2025-03-12 08:26:23.492] [INFO] 5 files found
[2025-03-12 08:26:28.837] [INFO] Applying filter: .docx
[2025-03-12 08:26:28.839] [INFO] 1 files found
[2025-03-12 08:26:33.253] [INFO] Applying filter: .pages
[2025-03-12 08:26:33.254] [INFO] 1 files found
[2025-03-12 08:26:37.169] [INFO] Applying filter: <empty>
[2025-03-12 08:26:37.170] [INFO] 7 files found
[2025-03-12 08:38:03.876] [INFO] Closing logger and flushing remaining logs

=== FileWorkspace APPLICATION LOG - SESSION ENDED AT 2025-03-12 08:38:03 ===
[2025-03-12 08:38:03.933] [INFO] Application shutdown initiated
[2025-03-12 08:38:03.933] [INFO] Closing logger and flushing remaining logs

=== FileWorkspace APPLICATION LOG - SESSION ENDED AT 2025-03-12 08:38:03 ===
